Using pre-set license
Built from '2021.3/staging' branch; Version is '2021.3.22f1 (b6c551784ba3) revision 11978065'; Using compiler version '192829333'; Build Type 'Release'
OS: 'Windows 10  (10.0.19045) 64bit Professional' Language: 'pt' Physical Memory: 16313 MB
BatchMode: 1, IsHumanControllingUs: 0, StartBugReporterOnCrash: 0, Is64bit: 1, IsPro: 1

COMMAND LINE ARGUMENTS:
E:\Program Files\2021.3.22f1\Editor\Unity.exe
-adb2
-batchMode
-noUpm
-name
AssetImportWorker1
-projectPath
E:/Users/Alisson/Unity/apocalipse-zumbi-alura
-logFile
Logs/AssetImportWorker1.log
-srvPort
49738
Successfully changed project path to: E:/Users/Alisson/Unity/apocalipse-zumbi-alura
E:/Users/Alisson/Unity/apocalipse-zumbi-alura
[UnityMemory] Configuration Parameters - Can be set up in boot.config
    "memorysetup-bucket-allocator-granularity=16"
    "memorysetup-bucket-allocator-bucket-count=8"
    "memorysetup-bucket-allocator-block-size=33554432"
    "memorysetup-bucket-allocator-block-count=8"
    "memorysetup-main-allocator-block-size=16777216"
    "memorysetup-thread-allocator-block-size=16777216"
    "memorysetup-gfx-main-allocator-block-size=16777216"
    "memorysetup-gfx-thread-allocator-block-size=16777216"
    "memorysetup-cache-allocator-block-size=4194304"
    "memorysetup-typetree-allocator-block-size=2097152"
    "memorysetup-profiler-bucket-allocator-granularity=16"
    "memorysetup-profiler-bucket-allocator-bucket-count=8"
    "memorysetup-profiler-bucket-allocator-block-size=33554432"
    "memorysetup-profiler-bucket-allocator-block-count=8"
    "memorysetup-profiler-allocator-block-size=16777216"
    "memorysetup-profiler-editor-allocator-block-size=1048576"
    "memorysetup-temp-allocator-size-main=16777216"
    "memorysetup-job-temp-allocator-block-size=2097152"
    "memorysetup-job-temp-allocator-block-size-background=1048576"
    "memorysetup-job-temp-allocator-reduction-small-platforms=262144"
    "memorysetup-temp-allocator-size-background-worker=32768"
    "memorysetup-temp-allocator-size-job-worker=262144"
    "memorysetup-temp-allocator-size-preload-manager=33554432"
    "memorysetup-temp-allocator-size-nav-mesh-worker=65536"
    "memorysetup-temp-allocator-size-audio-worker=65536"
    "memorysetup-temp-allocator-size-cloud-worker=32768"
    "memorysetup-temp-allocator-size-gi-baking-worker=262144"
    "memorysetup-temp-allocator-size-gfx=262144"
Player connection [31396] Host "[IP] 192.168.1.4 [Port] 0 [Flags] 2 [Guid] 3445405402 [EditorId] 3445405402 [Version] 1048832 [Id] WindowsEditor(7,DESKTOP-VLJ2N1S) [Debug] 1 [PackageName] WindowsEditor [ProjectName] Editor" joined multi-casting on [225.0.0.222:54997]...

Player connection [31396] Host "[IP] 192.168.1.4 [Port] 0 [Flags] 2 [Guid] 3445405402 [EditorId] 3445405402 [Version] 1048832 [Id] WindowsEditor(7,DESKTOP-VLJ2N1S) [Debug] 1 [PackageName] WindowsEditor [ProjectName] Editor" joined alternative multi-casting on [225.0.0.222:34997]...

Refreshing native plugins compatible for Editor in 85.82 ms, found 3 plugins.
Preloading 0 native plugins for Editor in 0.00 ms.
Initialize engine version: 2021.3.22f1 (b6c551784ba3)
[Subsystems] Discovering subsystems at path E:/Program Files/2021.3.22f1/Editor/Data/Resources/UnitySubsystems
[Subsystems] Discovering subsystems at path E:/Users/Alisson/Unity/apocalipse-zumbi-alura/Assets
GfxDevice: creating device client; threaded=0; jobified=0
Direct3D:
    Version:  Direct3D 11.0 [level 11.1]
    Renderer: NVIDIA GeForce GTX 1050 Ti (ID=0x1c82)
    Vendor:   NVIDIA
    VRAM:     4017 MB
    Driver:   31.0.15.3623
Initialize mono
Mono path[0] = 'E:/Program Files/2021.3.22f1/Editor/Data/Managed'
Mono path[1] = 'E:/Program Files/2021.3.22f1/Editor/Data/MonoBleedingEdge/lib/mono/unityjit-win32'
Mono config path = 'E:/Program Files/2021.3.22f1/Editor/Data/MonoBleedingEdge/etc'
Using monoOptions --debugger-agent=transport=dt_socket,embedding=1,server=y,suspend=n,address=127.0.0.1:56148
Begin MonoManager ReloadAssembly
Registering precompiled unity dll's ...
Register platform support module: E:/Program Files/2021.3.22f1/Editor/Data/PlaybackEngines/WebGLSupport/UnityEditor.WebGL.Extensions.dll
Register platform support module: E:/Program Files/2021.3.22f1/Editor/Data/PlaybackEngines/WindowsStandaloneSupport/UnityEditor.WindowsStandalone.Extensions.dll
Register platform support module: E:/Program Files/2021.3.22f1/Editor/Data/PlaybackEngines/LinuxStandaloneSupport/UnityEditor.LinuxStandalone.Extensions.dll
Registered in 0.003907 seconds.
Native extension for LinuxStandalone target not found
Native extension for WindowsStandalone target not found
Native extension for WebGL target not found
Refreshing native plugins compatible for Editor in 76.23 ms, found 3 plugins.
Preloading 0 native plugins for Editor in 0.00 ms.
Mono: successfully reloaded assembly
- Completed reload, in  0.750 seconds
Domain Reload Profiling:
	ReloadAssembly (750ms)
		BeginReloadAssembly (97ms)
			ExecutionOrderSort (0ms)
			DisableScriptedObjects (0ms)
			BackupInstance (0ms)
			ReleaseScriptingObjects (0ms)
			CreateAndSetChildDomain (1ms)
		EndReloadAssembly (507ms)
			LoadAssemblies (97ms)
			RebuildTransferFunctionScriptingTraits (0ms)
			SetupTypeCache (111ms)
			ReleaseScriptCaches (0ms)
			RebuildScriptCaches (30ms)
			SetupLoadedEditorAssemblies (313ms)
				LogAssemblyErrors (0ms)
				InitializePlatformSupportModulesInManaged (9ms)
				SetLoadedEditorAssemblies (0ms)
				RefreshPlugins (76ms)
				BeforeProcessingInitializeOnLoad (1ms)
				ProcessInitializeOnLoadAttributes (152ms)
				ProcessInitializeOnLoadMethodAttributes (74ms)
				AfterProcessingInitializeOnLoad (0ms)
				EditorAssembliesLoaded (0ms)
			ExecutionOrderSort2 (0ms)
			AwakeInstancesAfterBackupRestoration (0ms)
Platform modules already initialized, skipping
Registering precompiled user dll's ...
Registered in 0.004211 seconds.
Begin MonoManager ReloadAssembly
Symbol file LoadedFromMemory doesn't match image E:\Users\Alisson\Unity\apocalipse-zumbi-alura\Library\PackageCache\com.unity.visualscripting@1.8.0\Editor\VisualScripting.Core\Dependencies\YamlDotNet\Unity.VisualScripting.YamlDotNet.dll
Symbol file LoadedFromMemory doesn't match image E:\Users\Alisson\Unity\apocalipse-zumbi-alura\Library\PackageCache\com.unity.visualscripting@1.8.0\Editor\VisualScripting.Core\Dependencies\DotNetZip\Unity.VisualScripting.IonicZip.dll
Native extension for LinuxStandalone target not found
Native extension for WindowsStandalone target not found
Native extension for WebGL target not found
Refreshing native plugins compatible for Editor in 0.58 ms, found 3 plugins.
Preloading 0 native plugins for Editor in 0.00 ms.
Mono: successfully reloaded assembly
- Completed reload, in  1.249 seconds
Domain Reload Profiling:
	ReloadAssembly (1250ms)
		BeginReloadAssembly (134ms)
			ExecutionOrderSort (0ms)
			DisableScriptedObjects (7ms)
			BackupInstance (0ms)
			ReleaseScriptingObjects (0ms)
			CreateAndSetChildDomain (26ms)
		EndReloadAssembly (994ms)
			LoadAssemblies (84ms)
			RebuildTransferFunctionScriptingTraits (0ms)
			SetupTypeCache (225ms)
			ReleaseScriptCaches (1ms)
			RebuildScriptCaches (52ms)
			SetupLoadedEditorAssemblies (601ms)
				LogAssemblyErrors (0ms)
				InitializePlatformSupportModulesInManaged (7ms)
				SetLoadedEditorAssemblies (1ms)
				RefreshPlugins (1ms)
				BeforeProcessingInitializeOnLoad (69ms)
				ProcessInitializeOnLoadAttributes (492ms)
				ProcessInitializeOnLoadMethodAttributes (28ms)
				AfterProcessingInitializeOnLoad (4ms)
				EditorAssembliesLoaded (0ms)
			ExecutionOrderSort2 (0ms)
			AwakeInstancesAfterBackupRestoration (6ms)
Platform modules already initialized, skipping
========================================================================
Worker process is ready to serve import requests
Launched and connected shader compiler UnityShaderCompiler.exe after 0.05 seconds
Refreshing native plugins compatible for Editor in 0.93 ms, found 3 plugins.
Preloading 0 native plugins for Editor in 0.00 ms.
Unloading 2936 Unused Serialized files (Serialized files now loaded: 0)
Unloading 21 unused Assets / (56.1 KB). Loaded Objects now: 3399.
Memory consumption went from 103.2 MB to 103.1 MB.
Total: 4.761500 ms (FindLiveObjects: 0.367800 ms CreateObjectMapping: 0.126700 ms MarkObjects: 4.163200 ms  DeleteObjects: 0.102500 ms)

AssetImportParameters requested are different than current active one (requested -> active):
  custom:video-decoder-ogg-theora: a1e56fd34408186e4bbccfd4996cb3dc -> 
  custom:container-muxer-webm: aa71ff27fc2769a1b78a27578f13a17b -> 
  custom:container-demuxer-webm: 4f35f7cbe854078d1ac9338744f61a02 -> 
  custom:video-encoder-webm-vp8: eb34c28f22e8b96e1ab97ce403110664 -> 
  custom:audio-encoder-webm-vorbis: bf7c407c2cedff20999df2af8eb42d56 -> 
  custom:framework-win-MediaFoundation: 216162199b28c13a410421893ffa2e32 -> 
  custom:container-demuxer-ogg: 62fdf1f143b41e24485cea50d1cbac27 -> 
  custom:video-decoder-webm-vp8: 9c59270c3fd7afecdb556c50c9e8de78 -> 
  custom:audio-decoder-ogg-vorbis: bf7c407c2cedff20999df2af8eb42d56 -> 
========================================================================
Received Import Request.
  Time since last request: 756016.232243 seconds.
  path: Assets/Audio/Som_Tiro_01.ogg
  artifactKey: Guid(3015bdadd717a404fa414716ebb6090a) Importer(815301076,1909f56bfc062723c751e8b465ee728b)
Start importing Assets/Audio/Som_Tiro_01.ogg using Guid(3015bdadd717a404fa414716ebb6090a) Importer(815301076,1909f56bfc062723c751e8b465ee728b)  -> (artifact id: 'ad9453db14e201a6e9b35f0b235e4258') in 0.145698 seconds 
========================================================================
Received Import Request.
  Time since last request: 0.811119 seconds.
  path: Assets/Interface/Botao_Amarelo02.png
  artifactKey: Guid(a694205136a61f44595f7124ab1e80d0) Importer(815301076,1909f56bfc062723c751e8b465ee728b)
Start importing Assets/Interface/Botao_Amarelo02.png using Guid(a694205136a61f44595f7124ab1e80d0) Importer(815301076,1909f56bfc062723c751e8b465ee728b)  -> (artifact id: '7dc1cc37fa7eae63ab05e73aa085c5ef') in 0.197354 seconds 
========================================================================
Received Import Request.
  Time since last request: 0.000021 seconds.
  path: Assets/Interface/Mira.png
  artifactKey: Guid(53ec8ac023aa16f48b373c7d8222f03c) Importer(815301076,1909f56bfc062723c751e8b465ee728b)
Start importing Assets/Interface/Mira.png using Guid(53ec8ac023aa16f48b373c7d8222f03c) Importer(815301076,1909f56bfc062723c751e8b465ee728b)  -> (artifact id: '32af4d59aa1fc63dfa58eb199caf347b') in 0.011169 seconds 
========================================================================
Received Import Request.
  Time since last request: 0.000034 seconds.
  path: Assets/Interface/Botao_Laranja02.png
  artifactKey: Guid(5058e0b61c6a00e439e39d9878d70f42) Importer(815301076,1909f56bfc062723c751e8b465ee728b)
Start importing Assets/Interface/Botao_Laranja02.png using Guid(5058e0b61c6a00e439e39d9878d70f42) Importer(815301076,1909f56bfc062723c751e8b465ee728b)  -> (artifact id: 'db7800bb267cef9512ec2684200df11a') in 0.066482 seconds 
========================================================================
Received Import Request.
  Time since last request: 0.000026 seconds.
  path: Assets/Interface/Botao_Azul02.png
  artifactKey: Guid(eb314f09b936ec645afe06253fc74caf) Importer(815301076,1909f56bfc062723c751e8b465ee728b)
Start importing Assets/Interface/Botao_Azul02.png using Guid(eb314f09b936ec645afe06253fc74caf) Importer(815301076,1909f56bfc062723c751e8b465ee728b)  -> (artifact id: '4f78d2b545758d53532e137c2595ab98') in 0.034405 seconds 
========================================================================
Received Import Request.
  Time since last request: 0.000022 seconds.
  path: Assets/Interface/Botao_Verde03.png
  artifactKey: Guid(f093506d1d86eb14da11df5f63f34297) Importer(815301076,1909f56bfc062723c751e8b465ee728b)
Start importing Assets/Interface/Botao_Verde03.png using Guid(f093506d1d86eb14da11df5f63f34297) Importer(815301076,1909f56bfc062723c751e8b465ee728b)  -> (artifact id: '5fcde68292bc04967b7c5624ec39b009') in 0.024636 seconds 
========================================================================
Received Import Request.
  Time since last request: 0.000018 seconds.
  path: Assets/Interface/Botao_Laranja04.png
  artifactKey: Guid(c88b5b35737099341b35ef0f65248bcd) Importer(815301076,1909f56bfc062723c751e8b465ee728b)
Start importing Assets/Interface/Botao_Laranja04.png using Guid(c88b5b35737099341b35ef0f65248bcd) Importer(815301076,1909f56bfc062723c751e8b465ee728b)  -> (artifact id: 'e9d1ee4bf90f531abf45fdede1e51f81') in 0.026275 seconds 
========================================================================
Received Import Request.
  Time since last request: 0.000020 seconds.
  path: Assets/Interface/Botao_Laranja01.png
  artifactKey: Guid(7f86dc505f15e30408f00931e8ef2570) Importer(815301076,1909f56bfc062723c751e8b465ee728b)
Start importing Assets/Interface/Botao_Laranja01.png using Guid(7f86dc505f15e30408f00931e8ef2570) Importer(815301076,1909f56bfc062723c751e8b465ee728b)  -> (artifact id: 'c379278d6bd97e5317ea58410f776312') in 0.032965 seconds 
========================================================================
Received Import Request.
  Time since last request: 0.000027 seconds.
  path: Assets/Interface/Botao_Verde04.png
  artifactKey: Guid(57f1fa12ea558bb4b8ca1e4ce325bbdc) Importer(815301076,1909f56bfc062723c751e8b465ee728b)
Start importing Assets/Interface/Botao_Verde04.png using Guid(57f1fa12ea558bb4b8ca1e4ce325bbdc) Importer(815301076,1909f56bfc062723c751e8b465ee728b)  -> (artifact id: '60ceac1f37b36a12fa4452d8cda2af5c') in 0.054048 seconds 
========================================================================
Received Import Request.
  Time since last request: 0.000076 seconds.
  path: Assets/Interface/Botao_Verde01.png
  artifactKey: Guid(aad5881e897306049880b04571babf3f) Importer(815301076,1909f56bfc062723c751e8b465ee728b)
Start importing Assets/Interface/Botao_Verde01.png using Guid(aad5881e897306049880b04571babf3f) Importer(815301076,1909f56bfc062723c751e8b465ee728b)  -> (artifact id: 'ef343d44d79c0e4bc820c6855f5447bb') in 0.033163 seconds 
========================================================================
Received Import Request.
  Time since last request: 0.000023 seconds.
  path: Assets/Interface/Botao_Cinza02.png
  artifactKey: Guid(5919ee1c65c6f87498607207012a00ad) Importer(815301076,1909f56bfc062723c751e8b465ee728b)
Start importing Assets/Interface/Botao_Cinza02.png using Guid(5919ee1c65c6f87498607207012a00ad) Importer(815301076,1909f56bfc062723c751e8b465ee728b)  -> (artifact id: '8c50559d2fd04b43077a1fe7ba1cc2b7') in 0.049529 seconds 
========================================================================
Received Import Request.
  Time since last request: 0.000023 seconds.
  path: Assets/Interface/Botao_Cinza04.png
  artifactKey: Guid(47fe83e93c4d9904cb913ab4f132b1dc) Importer(815301076,1909f56bfc062723c751e8b465ee728b)
Start importing Assets/Interface/Botao_Cinza04.png using Guid(47fe83e93c4d9904cb913ab4f132b1dc) Importer(815301076,1909f56bfc062723c751e8b465ee728b)  -> (artifact id: 'af3cd7a035dee0af7c04b779baafc805') in 0.027978 seconds 
========================================================================
Received Import Request.
  Time since last request: 0.000021 seconds.
  path: Assets/Interface/Botao_Azul03.png
  artifactKey: Guid(fa0a9740cccaa354983b2bce93049a2b) Importer(815301076,1909f56bfc062723c751e8b465ee728b)
Start importing Assets/Interface/Botao_Azul03.png using Guid(fa0a9740cccaa354983b2bce93049a2b) Importer(815301076,1909f56bfc062723c751e8b465ee728b)  -> (artifact id: 'b0dd37200bd1f0acfdbd731c239c1924') in 0.053387 seconds 
========================================================================
Received Import Request.
  Time since last request: 3.545267 seconds.
  path: Assets/Materiais/MaterialCenario.mat
  artifactKey: Guid(1e4d971bdf5673d469f2f0dc06091d43) Importer(815301076,1909f56bfc062723c751e8b465ee728b)
Start importing Assets/Materiais/MaterialCenario.mat using Guid(1e4d971bdf5673d469f2f0dc06091d43) Importer(815301076,1909f56bfc062723c751e8b465ee728b)  -> (artifact id: '2b08dd5c40bd40620e0b606677274940') in 0.381889 seconds 
Editor requested this worker to shutdown with reason: Scaling down because of idle timeout
AssetImportWorker is now disconnected from the server
Process exiting
Exiting without the bug reporter. Application will terminate with return code 0